2019-07-04 20:35:52  [ main:0 ] - [ DEBUG ]  Retrieving column information for table "lost_item"
2019-07-04 20:35:52  [ main:54 ] - [ DEBUG ]  Found column "Id", data type 4, in table "lost_found..lost_item"
2019-07-04 20:35:52  [ main:57 ] - [ DEBUG ]  Found column "Description", data type 12, in table "lost_found..lost_item"
2019-07-04 20:35:52  [ main:57 ] - [ DEBUG ]  Found column "Phone", data type 12, in table "lost_found..lost_item"
2019-07-04 20:35:52  [ main:58 ] - [ DEBUG ]  Found column "QQ", data type 12, in table "lost_found..lost_item"
2019-07-04 20:35:52  [ main:59 ] - [ DEBUG ]  Found column "Openid", data type 12, in table "lost_found..lost_item"
2019-07-04 20:35:52  [ main:60 ] - [ DEBUG ]  Found column "Release_time", data type 93, in table "lost_found..lost_item"
2019-07-04 20:35:52  [ main:61 ] - [ DEBUG ]  Found column "Item_type", data type 12, in table "lost_found..lost_item"
2019-07-04 20:35:52  [ main:61 ] - [ DEBUG ]  Found column "Getaddress", data type 12, in table "lost_found..lost_item"
2019-07-04 20:35:52  [ main:61 ] - [ DEBUG ]  Found column "role", data type 12, in table "lost_found..lost_item"
2019-07-04 20:35:52  [ main:62 ] - [ DEBUG ]  Found column "IFdelete", data type 12, in table "lost_found..lost_item"
2019-07-04 20:35:52  [ main:67 ] - [ DEBUG ]  Retrieving column information for table "t_user"
2019-07-04 20:35:52  [ main:74 ] - [ DEBUG ]  Found column "Openid", data type 1, in table "lost_found..t_user"
2019-07-04 20:35:52  [ main:74 ] - [ DEBUG ]  Found column "Name", data type 1, in table "lost_found..t_user"
2019-07-04 20:35:52  [ main:75 ] - [ DEBUG ]  Found column "Gender", data type 1, in table "lost_found..t_user"
2019-07-04 20:35:52  [ main:75 ] - [ DEBUG ]  Found column "Phone", data type 1, in table "lost_found..t_user"
2019-07-04 20:35:52  [ main:77 ] - [ DEBUG ]  Found column "QQ", data type 1, in table "lost_found..t_user"
2019-07-04 20:35:52  [ main:77 ] - [ DEBUG ]  Found column "studentid", data type 1, in table "lost_found..t_user"
2019-07-04 20:35:52  [ main:78 ] - [ DEBUG ]  Found column "role", data type 1, in table "lost_found..t_user"
2019-07-04 20:35:52  [ main:79 ] - [ DEBUG ]  Retrieving column information for table "lost_photo"
2019-07-04 20:35:52  [ main:84 ] - [ DEBUG ]  Found column "Id", data type 4, in table "lost_found..lost_photo"
2019-07-04 20:35:52  [ main:85 ] - [ DEBUG ]  Found column "lostid", data type 4, in table "lost_found..lost_photo"
2019-07-04 20:35:52  [ main:85 ] - [ DEBUG ]  Found column "Photo", data type 1, in table "lost_found..lost_photo"
2019-07-04 20:35:52  [ main:86 ] - [ DEBUG ]  Retrieving column information for table "pick_photo"
2019-07-04 20:35:52  [ main:92 ] - [ DEBUG ]  Found column "Id", data type 4, in table "lost_found..pick_photo"
2019-07-04 20:35:52  [ main:93 ] - [ DEBUG ]  Found column "pickid", data type 4, in table "lost_found..pick_photo"
2019-07-04 20:35:52  [ main:93 ] - [ DEBUG ]  Found column "Photo", data type 1, in table "lost_found..pick_photo"
2019-07-04 20:35:52  [ main:95 ] - [ DEBUG ]  Retrieving column information for table "pickup_item"
2019-07-04 20:35:52  [ main:100 ] - [ DEBUG ]  Found column "Id", data type 4, in table "lost_found..pickup_item"
2019-07-04 20:35:52  [ main:101 ] - [ DEBUG ]  Found column "Description", data type 12, in table "lost_found..pickup_item"
2019-07-04 20:35:52  [ main:101 ] - [ DEBUG ]  Found column "Phone", data type 12, in table "lost_found..pickup_item"
2019-07-04 20:35:52  [ main:101 ] - [ DEBUG ]  Found column "QQ", data type 12, in table "lost_found..pickup_item"
2019-07-04 20:35:52  [ main:101 ] - [ DEBUG ]  Found column "Openid", data type 12, in table "lost_found..pickup_item"
2019-07-04 20:35:52  [ main:102 ] - [ DEBUG ]  Found column "Release_time", data type 93, in table "lost_found..pickup_item"
2019-07-04 20:35:52  [ main:102 ] - [ DEBUG ]  Found column "Item_type", data type 12, in table "lost_found..pickup_item"
2019-07-04 20:35:52  [ main:102 ] - [ DEBUG ]  Found column "role", data type 12, in table "lost_found..pickup_item"
2019-07-04 20:35:52  [ main:102 ] - [ DEBUG ]  Found column "IFdelete", data type 12, in table "lost_found..pickup_item"
2019-07-04 20:35:52  [ main:103 ] - [ DEBUG ]  Retrieving column information for table "lost_top"
2019-07-04 20:35:52  [ main:109 ] - [ DEBUG ]  Found column "Id", data type 4, in table "lost_found..lost_top"
2019-07-04 20:35:52  [ main:109 ] - [ DEBUG ]  Found column "Description", data type 12, in table "lost_found..lost_top"
2019-07-04 20:35:52  [ main:110 ] - [ DEBUG ]  Found column "Phone", data type 12, in table "lost_found..lost_top"
2019-07-04 20:35:52  [ main:110 ] - [ DEBUG ]  Found column "QQ", data type 12, in table "lost_found..lost_top"
2019-07-04 20:35:52  [ main:110 ] - [ DEBUG ]  Found column "Openid", data type 12, in table "lost_found..lost_top"
2019-07-04 20:35:52  [ main:110 ] - [ DEBUG ]  Found column "Release_time", data type 93, in table "lost_found..lost_top"
2019-07-04 20:35:52  [ main:110 ] - [ DEBUG ]  Found column "Item_type", data type 12, in table "lost_found..lost_top"
2019-07-04 20:35:52  [ main:111 ] - [ DEBUG ]  Found column "Getaddress", data type 12, in table "lost_found..lost_top"
2019-07-04 20:35:52  [ main:111 ] - [ DEBUG ]  Found column "role", data type 12, in table "lost_found..lost_top"
2019-07-04 20:35:52  [ main:111 ] - [ DEBUG ]  Found column "IFdelete", data type 12, in table "lost_found..lost_top"
2019-07-04 20:35:52  [ main:112 ] - [ DEBUG ]  Retrieving column information for table "pick_top"
2019-07-04 20:35:52  [ main:117 ] - [ DEBUG ]  Found column "Id", data type 4, in table "lost_found..pick_top"
2019-07-04 20:35:52  [ main:117 ] - [ DEBUG ]  Found column "Description", data type 12, in table "lost_found..pick_top"
2019-07-04 20:35:52  [ main:118 ] - [ DEBUG ]  Found column "Phone", data type 12, in table "lost_found..pick_top"
2019-07-04 20:35:52  [ main:118 ] - [ DEBUG ]  Found column "QQ", data type 12, in table "lost_found..pick_top"
2019-07-04 20:35:52  [ main:118 ] - [ DEBUG ]  Found column "Openid", data type 12, in table "lost_found..pick_top"
2019-07-04 20:35:52  [ main:118 ] - [ DEBUG ]  Found column "Release_time", data type 93, in table "lost_found..pick_top"
2019-07-04 20:35:52  [ main:119 ] - [ DEBUG ]  Found column "Item_type", data type 12, in table "lost_found..pick_top"
2019-07-04 20:35:52  [ main:119 ] - [ DEBUG ]  Found column "role", data type 12, in table "lost_found..pick_top"
2019-07-04 20:35:52  [ main:119 ] - [ DEBUG ]  Found column "IFdelete", data type 12, in table "lost_found..pick_top"
2019-07-04 20:40:52  [ main:0 ] - [ DEBUG ]  Retrieving column information for table "lost_item"
2019-07-04 20:40:52  [ main:16 ] - [ DEBUG ]  Found column "Id", data type 4, in table "lost_found..lost_item"
2019-07-04 20:40:52  [ main:18 ] - [ DEBUG ]  Found column "Description", data type 12, in table "lost_found..lost_item"
2019-07-04 20:40:52  [ main:18 ] - [ DEBUG ]  Found column "Phone", data type 12, in table "lost_found..lost_item"
2019-07-04 20:40:52  [ main:18 ] - [ DEBUG ]  Found column "QQ", data type 12, in table "lost_found..lost_item"
2019-07-04 20:40:52  [ main:19 ] - [ DEBUG ]  Found column "Openid", data type 12, in table "lost_found..lost_item"
2019-07-04 20:40:52  [ main:19 ] - [ DEBUG ]  Found column "Release_time", data type 93, in table "lost_found..lost_item"
2019-07-04 20:40:52  [ main:19 ] - [ DEBUG ]  Found column "Item_type", data type 12, in table "lost_found..lost_item"
2019-07-04 20:40:52  [ main:19 ] - [ DEBUG ]  Found column "Getaddress", data type 12, in table "lost_found..lost_item"
2019-07-04 20:40:52  [ main:20 ] - [ DEBUG ]  Found column "role", data type 12, in table "lost_found..lost_item"
2019-07-04 20:40:52  [ main:20 ] - [ DEBUG ]  Found column "IFdelete", data type 12, in table "lost_found..lost_item"
2019-07-04 20:40:52  [ main:37 ] - [ DEBUG ]  Retrieving column information for table "t_user"
2019-07-04 20:40:52  [ main:43 ] - [ DEBUG ]  Found column "Openid", data type 1, in table "lost_found..t_user"
2019-07-04 20:40:52  [ main:43 ] - [ DEBUG ]  Found column "Name", data type 1, in table "lost_found..t_user"
2019-07-04 20:40:52  [ main:44 ] - [ DEBUG ]  Found column "Gender", data type 1, in table "lost_found..t_user"
2019-07-04 20:40:52  [ main:44 ] - [ DEBUG ]  Found column "Phone", data type 1, in table "lost_found..t_user"
2019-07-04 20:40:52  [ main:45 ] - [ DEBUG ]  Found column "QQ", data type 1, in table "lost_found..t_user"
2019-07-04 20:40:52  [ main:46 ] - [ DEBUG ]  Found column "studentid", data type 1, in table "lost_found..t_user"
2019-07-04 20:40:52  [ main:46 ] - [ DEBUG ]  Found column "role", data type 1, in table "lost_found..t_user"
2019-07-04 20:40:52  [ main:48 ] - [ DEBUG ]  Retrieving column information for table "lost_photo"
2019-07-04 20:40:52  [ main:53 ] - [ DEBUG ]  Found column "Id", data type 4, in table "lost_found..lost_photo"
2019-07-04 20:40:52  [ main:53 ] - [ DEBUG ]  Found column "lostid", data type 4, in table "lost_found..lost_photo"
2019-07-04 20:40:52  [ main:53 ] - [ DEBUG ]  Found column "Photo", data type 1, in table "lost_found..lost_photo"
2019-07-04 20:40:52  [ main:55 ] - [ DEBUG ]  Retrieving column information for table "pick_photo"
2019-07-04 20:40:52  [ main:59 ] - [ DEBUG ]  Found column "Id", data type 4, in table "lost_found..pick_photo"
2019-07-04 20:40:52  [ main:60 ] - [ DEBUG ]  Found column "pickid", data type 4, in table "lost_found..pick_photo"
2019-07-04 20:40:52  [ main:60 ] - [ DEBUG ]  Found column "Photo", data type 1, in table "lost_found..pick_photo"
2019-07-04 20:40:52  [ main:62 ] - [ DEBUG ]  Retrieving column information for table "pickup_item"
2019-07-04 20:40:52  [ main:69 ] - [ DEBUG ]  Found column "Id", data type 4, in table "lost_found..pickup_item"
2019-07-04 20:40:52  [ main:70 ] - [ DEBUG ]  Found column "Description", data type 12, in table "lost_found..pickup_item"
2019-07-04 20:40:52  [ main:70 ] - [ DEBUG ]  Found column "Phone", data type 12, in table "lost_found..pickup_item"
2019-07-04 20:40:52  [ main:70 ] - [ DEBUG ]  Found column "QQ", data type 12, in table "lost_found..pickup_item"
2019-07-04 20:40:52  [ main:70 ] - [ DEBUG ]  Found column "Openid", data type 12, in table "lost_found..pickup_item"
2019-07-04 20:40:52  [ main:70 ] - [ DEBUG ]  Found column "Release_time", data type 93, in table "lost_found..pickup_item"
2019-07-04 20:40:52  [ main:71 ] - [ DEBUG ]  Found column "Item_type", data type 12, in table "lost_found..pickup_item"
2019-07-04 20:40:52  [ main:71 ] - [ DEBUG ]  Found column "role", data type 12, in table "lost_found..pickup_item"
2019-07-04 20:40:52  [ main:71 ] - [ DEBUG ]  Found column "IFdelete", data type 12, in table "lost_found..pickup_item"
2019-07-04 20:40:52  [ main:72 ] - [ DEBUG ]  Retrieving column information for table "lost_top"
2019-07-04 20:40:52  [ main:81 ] - [ DEBUG ]  Found column "Id", data type 4, in table "lost_found..lost_top"
2019-07-04 20:40:52  [ main:81 ] - [ DEBUG ]  Found column "Description", data type 12, in table "lost_found..lost_top"
2019-07-04 20:40:52  [ main:81 ] - [ DEBUG ]  Found column "Phone", data type 12, in table "lost_found..lost_top"
2019-07-04 20:40:52  [ main:82 ] - [ DEBUG ]  Found column "QQ", data type 12, in table "lost_found..lost_top"
2019-07-04 20:40:52  [ main:82 ] - [ DEBUG ]  Found column "Openid", data type 12, in table "lost_found..lost_top"
2019-07-04 20:40:52  [ main:82 ] - [ DEBUG ]  Found column "Release_time", data type 93, in table "lost_found..lost_top"
2019-07-04 20:40:52  [ main:82 ] - [ DEBUG ]  Found column "Item_type", data type 12, in table "lost_found..lost_top"
2019-07-04 20:40:52  [ main:82 ] - [ DEBUG ]  Found column "Getaddress", data type 12, in table "lost_found..lost_top"
2019-07-04 20:40:52  [ main:83 ] - [ DEBUG ]  Found column "role", data type 12, in table "lost_found..lost_top"
2019-07-04 20:40:52  [ main:83 ] - [ DEBUG ]  Found column "IFdelete", data type 12, in table "lost_found..lost_top"
2019-07-04 20:40:52  [ main:84 ] - [ DEBUG ]  Retrieving column information for table "pick_top"
2019-07-04 20:40:52  [ main:90 ] - [ DEBUG ]  Found column "Id", data type 4, in table "lost_found..pick_top"
2019-07-04 20:40:52  [ main:90 ] - [ DEBUG ]  Found column "Description", data type 12, in table "lost_found..pick_top"
2019-07-04 20:40:52  [ main:90 ] - [ DEBUG ]  Found column "Phone", data type 12, in table "lost_found..pick_top"
2019-07-04 20:40:52  [ main:91 ] - [ DEBUG ]  Found column "QQ", data type 12, in table "lost_found..pick_top"
2019-07-04 20:40:52  [ main:91 ] - [ DEBUG ]  Found column "Openid", data type 12, in table "lost_found..pick_top"
2019-07-04 20:40:52  [ main:92 ] - [ DEBUG ]  Found column "Release_time", data type 93, in table "lost_found..pick_top"
2019-07-04 20:40:52  [ main:92 ] - [ DEBUG ]  Found column "Item_type", data type 12, in table "lost_found..pick_top"
2019-07-04 20:40:52  [ main:92 ] - [ DEBUG ]  Found column "role", data type 12, in table "lost_found..pick_top"
2019-07-04 20:40:52  [ main:92 ] - [ DEBUG ]  Found column "IFdelete", data type 12, in table "lost_found..pick_top"
2019-07-04 20:42:07  [ main:0 ] - [ DEBUG ]  Retrieving column information for table "lost_item"
2019-07-04 20:42:07  [ main:20 ] - [ DEBUG ]  Found column "Id", data type 4, in table "lost_found..lost_item"
2019-07-04 20:42:07  [ main:22 ] - [ DEBUG ]  Found column "Description", data type 12, in table "lost_found..lost_item"
2019-07-04 20:42:07  [ main:22 ] - [ DEBUG ]  Found column "Phone", data type 12, in table "lost_found..lost_item"
2019-07-04 20:42:07  [ main:22 ] - [ DEBUG ]  Found column "QQ", data type 12, in table "lost_found..lost_item"
2019-07-04 20:42:07  [ main:23 ] - [ DEBUG ]  Found column "Openid", data type 12, in table "lost_found..lost_item"
2019-07-04 20:42:07  [ main:23 ] - [ DEBUG ]  Found column "Release_time", data type 93, in table "lost_found..lost_item"
2019-07-04 20:42:07  [ main:23 ] - [ DEBUG ]  Found column "Item_type", data type 12, in table "lost_found..lost_item"
2019-07-04 20:42:07  [ main:23 ] - [ DEBUG ]  Found column "Getaddress", data type 12, in table "lost_found..lost_item"
2019-07-04 20:42:07  [ main:23 ] - [ DEBUG ]  Found column "role", data type 12, in table "lost_found..lost_item"
2019-07-04 20:42:07  [ main:24 ] - [ DEBUG ]  Found column "IFdelete", data type 12, in table "lost_found..lost_item"
2019-07-04 20:42:07  [ main:28 ] - [ DEBUG ]  Retrieving column information for table "t_user"
2019-07-04 20:42:07  [ main:35 ] - [ DEBUG ]  Found column "Openid", data type 1, in table "lost_found..t_user"
2019-07-04 20:42:07  [ main:35 ] - [ DEBUG ]  Found column "Name", data type 1, in table "lost_found..t_user"
2019-07-04 20:42:07  [ main:35 ] - [ DEBUG ]  Found column "Gender", data type 1, in table "lost_found..t_user"
2019-07-04 20:42:07  [ main:36 ] - [ DEBUG ]  Found column "Phone", data type 1, in table "lost_found..t_user"
2019-07-04 20:42:07  [ main:37 ] - [ DEBUG ]  Found column "QQ", data type 1, in table "lost_found..t_user"
2019-07-04 20:42:07  [ main:38 ] - [ DEBUG ]  Found column "studentid", data type 1, in table "lost_found..t_user"
2019-07-04 20:42:07  [ main:38 ] - [ DEBUG ]  Found column "role", data type 1, in table "lost_found..t_user"
2019-07-04 20:42:07  [ main:40 ] - [ DEBUG ]  Retrieving column information for table "lost_photo"
2019-07-04 20:42:07  [ main:45 ] - [ DEBUG ]  Found column "Id", data type 4, in table "lost_found..lost_photo"
2019-07-04 20:42:07  [ main:45 ] - [ DEBUG ]  Found column "lostid", data type 4, in table "lost_found..lost_photo"
2019-07-04 20:42:07  [ main:45 ] - [ DEBUG ]  Found column "Photo", data type 1, in table "lost_found..lost_photo"
2019-07-04 20:42:07  [ main:47 ] - [ DEBUG ]  Retrieving column information for table "pick_photo"
2019-07-04 20:42:07  [ main:51 ] - [ DEBUG ]  Found column "Id", data type 4, in table "lost_found..pick_photo"
2019-07-04 20:42:07  [ main:53 ] - [ DEBUG ]  Found column "pickid", data type 4, in table "lost_found..pick_photo"
2019-07-04 20:42:07  [ main:53 ] - [ DEBUG ]  Found column "Photo", data type 1, in table "lost_found..pick_photo"
2019-07-04 20:42:07  [ main:55 ] - [ DEBUG ]  Retrieving column information for table "pickup_item"
2019-07-04 20:42:07  [ main:61 ] - [ DEBUG ]  Found column "Id", data type 4, in table "lost_found..pickup_item"
2019-07-04 20:42:07  [ main:62 ] - [ DEBUG ]  Found column "Description", data type 12, in table "lost_found..pickup_item"
2019-07-04 20:42:07  [ main:62 ] - [ DEBUG ]  Found column "Phone", data type 12, in table "lost_found..pickup_item"
2019-07-04 20:42:07  [ main:62 ] - [ DEBUG ]  Found column "QQ", data type 12, in table "lost_found..pickup_item"
2019-07-04 20:42:07  [ main:62 ] - [ DEBUG ]  Found column "Openid", data type 12, in table "lost_found..pickup_item"
2019-07-04 20:42:07  [ main:63 ] - [ DEBUG ]  Found column "Release_time", data type 93, in table "lost_found..pickup_item"
2019-07-04 20:42:07  [ main:63 ] - [ DEBUG ]  Found column "Item_type", data type 12, in table "lost_found..pickup_item"
2019-07-04 20:42:07  [ main:63 ] - [ DEBUG ]  Found column "role", data type 12, in table "lost_found..pickup_item"
2019-07-04 20:42:07  [ main:63 ] - [ DEBUG ]  Found column "IFdelete", data type 12, in table "lost_found..pickup_item"
2019-07-04 20:42:07  [ main:65 ] - [ DEBUG ]  Retrieving column information for table "lost_top"
2019-07-04 20:42:07  [ main:69 ] - [ DEBUG ]  Found column "Id", data type 4, in table "lost_found..lost_top"
2019-07-04 20:42:07  [ main:70 ] - [ DEBUG ]  Found column "Description", data type 12, in table "lost_found..lost_top"
2019-07-04 20:42:07  [ main:70 ] - [ DEBUG ]  Found column "Phone", data type 12, in table "lost_found..lost_top"
2019-07-04 20:42:07  [ main:70 ] - [ DEBUG ]  Found column "QQ", data type 12, in table "lost_found..lost_top"
2019-07-04 20:42:07  [ main:70 ] - [ DEBUG ]  Found column "Openid", data type 12, in table "lost_found..lost_top"
2019-07-04 20:42:07  [ main:70 ] - [ DEBUG ]  Found column "Release_time", data type 93, in table "lost_found..lost_top"
2019-07-04 20:42:07  [ main:71 ] - [ DEBUG ]  Found column "Item_type", data type 12, in table "lost_found..lost_top"
2019-07-04 20:42:07  [ main:71 ] - [ DEBUG ]  Found column "Getaddress", data type 12, in table "lost_found..lost_top"
2019-07-04 20:42:07  [ main:71 ] - [ DEBUG ]  Found column "role", data type 12, in table "lost_found..lost_top"
2019-07-04 20:42:07  [ main:71 ] - [ DEBUG ]  Found column "IFdelete", data type 12, in table "lost_found..lost_top"
2019-07-04 20:42:07  [ main:72 ] - [ DEBUG ]  Retrieving column information for table "pick_top"
2019-07-04 20:42:07  [ main:77 ] - [ DEBUG ]  Found column "Id", data type 4, in table "lost_found..pick_top"
2019-07-04 20:42:07  [ main:77 ] - [ DEBUG ]  Found column "Description", data type 12, in table "lost_found..pick_top"
2019-07-04 20:42:07  [ main:77 ] - [ DEBUG ]  Found column "Phone", data type 12, in table "lost_found..pick_top"
2019-07-04 20:42:07  [ main:77 ] - [ DEBUG ]  Found column "QQ", data type 12, in table "lost_found..pick_top"
2019-07-04 20:42:07  [ main:77 ] - [ DEBUG ]  Found column "Openid", data type 12, in table "lost_found..pick_top"
2019-07-04 20:42:07  [ main:78 ] - [ DEBUG ]  Found column "Release_time", data type 93, in table "lost_found..pick_top"
2019-07-04 20:42:07  [ main:78 ] - [ DEBUG ]  Found column "Item_type", data type 12, in table "lost_found..pick_top"
2019-07-04 20:42:07  [ main:78 ] - [ DEBUG ]  Found column "role", data type 12, in table "lost_found..pick_top"
2019-07-04 20:42:07  [ main:78 ] - [ DEBUG ]  Found column "IFdelete", data type 12, in table "lost_found..pick_top"
